Using pre-set license
Built from '2020.3/staging' branch; Version is '2020.3.18f1 (a7d1c678663c) revision 10998214'; Using compiler version '192528614'; Build Type 'Release'
OS: 'Windows 10 Pro; OS build 19043.1348; Version 2009; 64bit' Language: 'ru' Physical Memory: 7627 MB
BatchMode: 1, IsHumanControllingUs: 0, StartBugReporterOnCrash: 0, Is64bit: 1, IsPro: 0

COMMAND LINE ARGUMENTS:
C:\Program Files\Unity\Hub\Editor\2020.3.18f1\Editor\Unity.exe
-adb2
-batchMode
-noUpm
-name
AssetImportWorker0
-projectPath
C:/Users/EVG/Desktop/Unity2021/Koroznikova_rabota_4
-logFile
Logs/AssetImportWorker0.log
-srvPort
60927
Successfully changed project path to: C:/Users/EVG/Desktop/Unity2021/Koroznikova_rabota_4
C:/Users/EVG/Desktop/Unity2021/Koroznikova_rabota_4
Using Asset Import Pipeline V2.
Refreshing native plugins compatible for Editor in 140.63 ms, found 2 plugins.
Preloading 0 native plugins for Editor in 0.00 ms.
Initialize engine version: 2020.3.18f1 (a7d1c678663c)
[Subsystems] Discovering subsystems at path C:/Program Files/Unity/Hub/Editor/2020.3.18f1/Editor/Data/Resources/UnitySubsystems
[Subsystems] Discovering subsystems at path C:/Users/EVG/Desktop/Unity2021/Koroznikova_rabota_4/Assets
GfxDevice: creating device client; threaded=0
Direct3D:
    Version:  Direct3D 11.0 [level 11.1]
    Renderer: AMD Radeon(TM) R5 Graphics (ID=0x98e4)
    Vendor:   
    VRAM:     3813 MB
    Driver:   27.20.11044.13001
Initialize mono
Mono path[0] = 'C:/Program Files/Unity/Hub/Editor/2020.3.18f1/Editor/Data/Managed'
Mono path[1] = 'C:/Program Files/Unity/Hub/Editor/2020.3.18f1/Editor/Data/MonoBleedingEdge/lib/mono/unityjit'
Mono config path = 'C:/Program Files/Unity/Hub/Editor/2020.3.18f1/Editor/Data/MonoBleedingEdge/etc'
Using monoOptions --debugger-agent=transport=dt_socket,embedding=1,server=y,suspend=n,address=127.0.0.1:56980
Begin MonoManager ReloadAssembly
Registering precompiled unity dll's ...
Register platform support module: C:/Program Files/Unity/Hub/Editor/2020.3.18f1/Editor/Data/PlaybackEngines/WebGLSupport/UnityEditor.WebGL.Extensions.dll
Register platform support module: C:/Program Files/Unity/Hub/Editor/2020.3.18f1/Editor/Data/PlaybackEngines/WindowsStandaloneSupport/UnityEditor.WindowsStandalone.Extensions.dll
Registered in 0.007992 seconds.
Native extension for WindowsStandalone target not found
Native extension for WebGL target not found
Refreshing native plugins compatible for Editor in 189.82 ms, found 2 plugins.
Preloading 0 native plugins for Editor in 0.00 ms.
Mono: successfully reloaded assembly
- Completed reload, in  3.882 seconds
Domain Reload Profiling:
	ReloadAssembly (3882ms)
		BeginReloadAssembly (175ms)
			ExecutionOrderSort (0ms)
			DisableScriptedObjects (0ms)
			BackupInstance (0ms)
			ReleaseScriptingObjects (0ms)
			CreateAndSetChildDomain (2ms)
		EndReloadAssembly (1342ms)
			LoadAssemblies (170ms)
			RebuildTransferFunctionScriptingTraits (0ms)
			SetupTypeCache (472ms)
			ReleaseScriptCaches (0ms)
			RebuildScriptCaches (84ms)
			SetupLoadedEditorAssemblies (572ms)
				LogAssemblyErrors (0ms)
				InitializePlatformSupportModulesInManaged (12ms)
				SetLoadedEditorAssemblies (1ms)
				RefreshPlugins (190ms)
				BeforeProcessingInitializeOnLoad (25ms)
				ProcessInitializeOnLoadAttributes (238ms)
				ProcessInitializeOnLoadMethodAttributes (105ms)
				AfterProcessingInitializeOnLoad (0ms)
				EditorAssembliesLoaded (1ms)
			ExecutionOrderSort2 (0ms)
			AwakeInstancesAfterBackupRestoration (0ms)
Platform modules already initialized, skipping
Registering precompiled user dll's ...
Registered in 0.007737 seconds.
Begin MonoManager ReloadAssembly
Native extension for WindowsStandalone target not found
Native extension for WebGL target not found
Refreshing native plugins compatible for Editor in 0.60 ms, found 2 plugins.
Preloading 0 native plugins for Editor in 0.00 ms.
Mono: successfully reloaded assembly
- Completed reload, in  3.635 seconds
Domain Reload Profiling:
	ReloadAssembly (3638ms)
		BeginReloadAssembly (427ms)
			ExecutionOrderSort (0ms)
			DisableScriptedObjects (16ms)
			BackupInstance (0ms)
			ReleaseScriptingObjects (0ms)
			CreateAndSetChildDomain (48ms)
		EndReloadAssembly (3024ms)
			LoadAssemblies (273ms)
			RebuildTransferFunctionScriptingTraits (0ms)
			SetupTypeCache (1268ms)
			ReleaseScriptCaches (1ms)
			RebuildScriptCaches (118ms)
			SetupLoadedEditorAssemblies (1097ms)
				LogAssemblyErrors (0ms)
				InitializePlatformSupportModulesInManaged (18ms)
				SetLoadedEditorAssemblies (1ms)
				RefreshPlugins (1ms)
				BeforeProcessingInitializeOnLoad (163ms)
				ProcessInitializeOnLoadAttributes (873ms)
				ProcessInitializeOnLoadMethodAttributes (12ms)
				AfterProcessingInitializeOnLoad (29ms)
				EditorAssembliesLoaded (1ms)
			ExecutionOrderSort2 (0ms)
			AwakeInstancesAfterBackupRestoration (25ms)
Platform modules already initialized, skipping
========================================================================
Worker process is ready to serve import requests
Launched and connected shader compiler UnityShaderCompiler.exe after 0.16 seconds
Refreshing native plugins compatible for Editor in 0.75 ms, found 2 plugins.
Preloading 0 native plugins for Editor in 0.00 ms.
Unloading 1391 Unused Serialized files (Serialized files now loaded: 0)
System memory in use before: 64.7 MB.
System memory in use after: 64.8 MB.

Unloading 16 unused Assets to reduce memory usage. Loaded Objects now: 1826.
Total: 6.823100 ms (FindLiveObjects: 0.432300 ms CreateObjectMapping: 0.129500 ms MarkObjects: 6.105300 ms  DeleteObjects: 0.152400 ms)

AssetImportParameters requested are different than current active one (requested -> active):
  custom:framework-win-MediaFoundation: 216162199b28c13a410421893ffa2e32 -> 
  custom:video-decoder-ogg-theora: a1e56fd34408186e4bbccfd4996cb3dc -> 
  custom:container-muxer-webm: aa71ff27fc2769a1b78a27578f13a17b -> 
  custom:container-demuxer-webm: 4f35f7cbe854078d1ac9338744f61a02 -> 
  custom:container-demuxer-ogg: 62fdf1f143b41e24485cea50d1cbac27 -> 
  custom:video-encoder-webm-vp8: eb34c28f22e8b96e1ab97ce403110664 -> 
  custom:video-decoder-webm-vp8: 9c59270c3fd7afecdb556c50c9e8de78 -> 
  custom:audio-decoder-ogg-vorbis: bf7c407c2cedff20999df2af8eb42d56 -> 
  custom:audio-encoder-webm-vorbis: bf7c407c2cedff20999df2af8eb42d56 -> 
========================================================================
Received Import Request.
  path: Assets/Materials/Centre.mat
  artifactKey: Guid(086851fb3e7b049eb849c529a0887d53) Importer(815301076,1909f56bfc062723c751e8b465ee728b)
Start importing Assets/Materials/Centre.mat using Guid(086851fb3e7b049eb849c529a0887d53) Importer(815301076,1909f56bfc062723c751e8b465ee728b)  -> (artifact id: '03df4d250fe6c8f0caa935b961244b5f') in 0.389846 seconds 
  Import took 0.395426 seconds .

========================================================================
Received Import Request.
  Time since last request: 0.001953 seconds.
  path: Assets/Materials/ScriptedPlanet.mat
  artifactKey: Guid(97aceeeacd471f941988231fc52d892f) Importer(815301076,1909f56bfc062723c751e8b465ee728b)
Start importing Assets/Materials/ScriptedPlanet.mat using Guid(97aceeeacd471f941988231fc52d892f) Importer(815301076,1909f56bfc062723c751e8b465ee728b)  -> (artifact id: '78a12125507ac03cda441385300e0ec7') in 0.066840 seconds 
  Import took 0.078083 seconds .

========================================================================
Received Import Request.
  Time since last request: 0.000630 seconds.
  path: Assets/Materials/Planet.mat
  artifactKey: Guid(b3dda46e2f23440778cfb178c30b5680) Importer(815301076,1909f56bfc062723c751e8b465ee728b)
Start importing Assets/Materials/Planet.mat using Guid(b3dda46e2f23440778cfb178c30b5680) Importer(815301076,1909f56bfc062723c751e8b465ee728b)  -> (artifact id: '47918f41400464903c2d6ee5de21b961') in 0.065211 seconds 
  Import took 0.083175 seconds .

========================================================================
Received Prepare
Refreshing native plugins compatible for Editor in 14.61 ms, found 2 plugins.
Preloading 0 native plugins for Editor in 0.00 ms.
Unloading 10 Unused Serialized files (Serialized files now loaded: 0)
System memory in use before: 40.8 MB.
System memory in use after: 40.9 MB.

Unloading 9 unused Assets to reduce memory usage. Loaded Objects now: 1866.
Total: 11.989900 ms (FindLiveObjects: 0.361100 ms CreateObjectMapping: 0.072700 ms MarkObjects: 11.517000 ms  DeleteObjects: 0.035200 ms)

AssetImportParameters requested are different than current active one (requested -> active):
  custom:framework-win-MediaFoundation: 216162199b28c13a410421893ffa2e32 -> 
  custom:video-decoder-ogg-theora: a1e56fd34408186e4bbccfd4996cb3dc -> 
  custom:container-muxer-webm: aa71ff27fc2769a1b78a27578f13a17b -> 
  custom:container-demuxer-webm: 4f35f7cbe854078d1ac9338744f61a02 -> 
  custom:container-demuxer-ogg: 62fdf1f143b41e24485cea50d1cbac27 -> 
  custom:video-encoder-webm-vp8: eb34c28f22e8b96e1ab97ce403110664 -> 
  custom:video-decoder-webm-vp8: 9c59270c3fd7afecdb556c50c9e8de78 -> 
  custom:audio-decoder-ogg-vorbis: bf7c407c2cedff20999df2af8eb42d56 -> 
  custom:audio-encoder-webm-vorbis: bf7c407c2cedff20999df2af8eb42d56 -> 
========================================================================
Received Import Request.
  Time since last request: 122.945619 seconds.
  path: Assets/Materials/Centre.mat
  artifactKey: Guid(086851fb3e7b049eb849c529a0887d53) Importer(815301076,1909f56bfc062723c751e8b465ee728b)
Start importing Assets/Materials/Centre.mat using Guid(086851fb3e7b049eb849c529a0887d53) Importer(815301076,1909f56bfc062723c751e8b465ee728b)  -> (artifact id: '443daafaa52d8535f2586f039a42f38f') in 0.037934 seconds 
  Import took 0.046667 seconds .

========================================================================
Received Import Request.
  Time since last request: 0.000427 seconds.
  path: Assets/Materials/ScriptedPlanet.mat
  artifactKey: Guid(97aceeeacd471f941988231fc52d892f) Importer(815301076,1909f56bfc062723c751e8b465ee728b)
Start importing Assets/Materials/ScriptedPlanet.mat using Guid(97aceeeacd471f941988231fc52d892f) Importer(815301076,1909f56bfc062723c751e8b465ee728b)  -> (artifact id: '0a9f48d834aa7e8cbca019867fa961ae') in 0.108051 seconds 
  Import took 0.112918 seconds .

========================================================================
Received Import Request.
  Time since last request: 0.000500 seconds.
  path: Assets/Materials/Planet.mat
  artifactKey: Guid(b3dda46e2f23440778cfb178c30b5680) Importer(815301076,1909f56bfc062723c751e8b465ee728b)
Start importing Assets/Materials/Planet.mat using Guid(b3dda46e2f23440778cfb178c30b5680) Importer(815301076,1909f56bfc062723c751e8b465ee728b)  -> (artifact id: '245a009dc01a194a6c86b0e284e2fda8') in 0.233911 seconds 
  Import took 0.249346 seconds .

AssetImportWorkerClient::OnTransportError - code=2 error=End of file
