Using pre-set license
Built from '2020.3/staging' branch; Version is '2020.3.18f1 (a7d1c678663c) revision 10998214'; Using compiler version '192528614'; Build Type 'Release'
OS: 'Windows 10 Pro; OS build 19043.1165; Version 2009; 64bit' Language: 'ru' Physical Memory: 7627 MB
BatchMode: 1, IsHumanControllingUs: 0, StartBugReporterOnCrash: 0, Is64bit: 1, IsPro: 0

COMMAND LINE ARGUMENTS:
C:\Program Files\Unity\Hub\Editor\2020.3.18f1\Editor\Unity.exe
-adb2
-batchMode
-noUpm
-name
AssetImportWorker101
-projectPath
C:/Users/EVG/Desktop/Unity2021/222
-logFile
Logs/AssetImportWorker101.log
-srvPort
57480
Successfully changed project path to: C:/Users/EVG/Desktop/Unity2021/222
C:/Users/EVG/Desktop/Unity2021/222
Using Asset Import Pipeline V2.
